C:\Program Files (x86)\Microsoft Visual Studio\2019\Community\MSBuild\Microsoft\VC\v160\Microsoft.CppBuild.targets(513,5): warning MSB8028: промежуточный каталог (Debug\) содержит файлы, которые используются совместно с другим проектом (ConsoleApplication7.vcxproj).  Это может привести к ошибкам очистки и перестроения.
  pch.cpp
  ConsoleApplication7.cpp
C:\git_code\Server\draw.h(110,37): warning C4244: аргумент: преобразование "double" в "int", возможна потеря данных
C:\git_code\Server\draw.h(116,37): warning C4244: аргумент: преобразование "double" в "int", возможна потеря данных
C:\git_code\Server\draw.h(127,39): warning C4244: аргумент: преобразование "double" в "int", возможна потеря данных
C:\git_code\Server\draw.h(128,37): warning C4244: аргумент: преобразование "double" в "int", возможна потеря данных
C:\git_code\Server\draw.h(140,39): warning C4244: аргумент: преобразование "double" в "int", возможна потеря данных
C:\git_code\Server\draw.h(141,37): warning C4244: аргумент: преобразование "double" в "int", возможна потеря данных
C:\git_code\Server\draw.h(154,37): warning C4244: аргумент: преобразование "double" в "int", возможна потеря данных
C:\git_code\Server\draw.h(158,37): warning C4244: аргумент: преобразование "double" в "int", возможна потеря данных
C:\git_code\Server\draw.h(171,43): warning C4244: =: преобразование "double" в "int", возможна потеря данных
C:\git_code\Server\draw.h(176,43): warning C4244: =: преобразование "double" в "int", возможна потеря данных
C:\git_code\Server\draw.h(181,43): warning C4244: =: преобразование "double" в "int", возможна потеря данных
C:\git_code\Server\draw.h(186,43): warning C4244: =: преобразование "double" в "int", возможна потеря данных
C:\git_code\Server\draw.h(199,40): warning C4244: аргумент: преобразование "double" в "int", возможна потеря данных
C:\git_code\Server\draw.h(200,41): warning C4244: аргумент: преобразование "double" в "int", возможна потеря данных
C:\git_code\Server\draw.h(210,39): warning C4244: аргумент: преобразование "double" в "int", возможна потеря данных
C:\git_code\Server\draw.h(211,41): warning C4244: аргумент: преобразование "double" в "int", возможна потеря данных
C:\git_code\Server\draw.h(258,54): warning C4244: =: преобразование "double" в "int", возможна потеря данных
C:\git_code\Server\draw.h(259,54): warning C4244: =: преобразование "double" в "int", возможна потеря данных
C:\git_code\Server\draw.h(262,62): warning C4244: =: преобразование "double" в "int", возможна потеря данных
C:\git_code\Server\draw.h(263,62): warning C4244: =: преобразование "double" в "int", возможна потеря данных
C:\git_code\Server\Pars.h(37,27): warning C4018: <: несоответствие типов со знаком и без знака
C:\git_code\Server\Pars.h(124,31): warning C4018: <: несоответствие типов со знаком и без знака
C:\git_code\Server\Pars.h(344,66): warning C4244: =: преобразование "double" в "int", возможна потеря данных
C:\git_code\Server\Pars.h(345,64): warning C4244: =: преобразование "double" в "int", возможна потеря данных
C:\git_code\Server\Pars.h(352,32): warning C4244: аргумент: преобразование "double" в "int", возможна потеря данных
C:\git_code\Server\Pars.h(358,32): warning C4244: аргумент: преобразование "double" в "int", возможна потеря данных
C:\git_code\Server\Pars.h(373,37): warning C4244: аргумент: преобразование "time_t" в "int", возможна потеря данных
C:\git_code\Server\bitmap\bitmap_image.hpp(1248,48): warning C4244: return: преобразование "double" в "unsigned int", возможна потеря данных
C:\git_code\Server\bitmap\bitmap_image.hpp(1248,1): warning C4056: переполнение при арифметических операциях с константой с плавающей точкой
C:\git_code\Server\bitmap\bitmap_image.hpp(1258,48): warning C4244: return: преобразование "double" в "unsigned int", возможна потеря данных
C:\git_code\Server\bitmap\bitmap_image.hpp(1258,1): warning C4056: переполнение при арифметических операциях с константой с плавающей точкой
  Создание кода...
C:\git_code\Server\Pars.h(341): warning C4715: Parser::check_cmd: значение возвращается не при всех путях выполнения
  ConsoleApplication7.vcxproj -> C:\git_code\Server\Debug\Server.exe
